<?xml version="1.0" encoding="UTF-8" ?>
<testsuites>
  <testsuite errors="1" failures="0" hostname="la" id="0" name="Filter" package="org.junit.runner.manipulation" tests="1" time="1.133" timestamp="2015-01-06T13:31:40">
      <properties />

      <testcase classname="org.junit.runner.manipulation.Filter" name="initializationError" time="1.13">
          <error message="No tests found matching grails test target pattern filter from org.junit.runner.Request$1@77ea58f9" type="java.lang.Exception">java.lang.Exception: No tests found matching grails test target pattern filter from org.junit.runner.Request$1@77ea58f9
</error>

      </testcase>

      <system-out><![CDATA[--Output from initializationError--
]]></system-out>

      <system-err><![CDATA[--Output from initializationError--
]]></system-err>

  </testsuite>
</testsuites>
